{
  "stats": {
    "suites": 1,
    "tests": 2,
    "passes": 2,
    "pending": 0,
    "failures": 0,
    "start": "2019-10-16T22:03:43.753Z",
    "end": "2019-10-16T22:03:50.527Z",
    "duration": 6774,
    "testsRegistered": 2,
    "passPercent": 100,
    "pendingPercent": 0,
    "other": 0,
    "hasOther": false,
    "skipped": 0,
    "hasSkipped": false,
    "passPercentClass": "success",
    "pendingPercentClass": "danger"
  },
  "suites": {
    "uuid": "c6de5ed9-17c3-416d-811a-c0e8a1ca671d",
    "title": "",
    "fullFile": "",
    "file": "",
    "beforeHooks": [],
    "afterHooks": [],
    "tests": [],
    "suites": [
      {
        "uuid": "18c9d595-c012-4c6b-83cd-37b6ea8c2687",
        "title": "Google search automated testing",
        "fullFile": "/Users/tliu/dev/br/toy/Automation-With-Selenium-And-Node.js/test/homePage.test.js",
        "file": "/test/homePage.test.js",
        "beforeHooks": [
          {
            "title": "\"before each\" hook",
            "fullTitle": "Google search automated testing \"before each\" hook",
            "timedOut": false,
            "duration": 2810,
            "pass": false,
            "fail": false,
            "pending": false,
            "code": "page = new Page();\ndriver = page.driver;\nawait page.visit('https://www.google.com/');",
            "err": {},
            "isRoot": false,
            "uuid": "448602a7-c6ff-41f4-8648-bcf0a17ec0bc",
            "isHook": true,
            "skipped": false
          }
        ],
        "afterHooks": [
          {
            "title": "\"after each\" hook",
            "fullTitle": "Google search automated testing \"after each\" hook",
            "timedOut": false,
            "duration": 51,
            "pass": false,
            "fail": false,
            "pending": false,
            "code": "await page.quit();",
            "err": {},
            "isRoot": false,
            "uuid": "70c67a28-5748-4896-be15-230a6f4c5658",
            "isHook": true,
            "skipped": false
          }
        ],
        "tests": [
          {
            "title": "find the input box and google search button",
            "fullTitle": "Google search automated testing find the input box and google search button",
            "timedOut": false,
            "duration": 50,
            "state": "passed",
            "speed": "medium",
            "pass": true,
            "fail": false,
            "pending": false,
            "code": "const result = await page.findInputAndButton();\n// console.log(\"result is...\", result);\nexpect(result.inputEnabled).to.equal(true);\nexpect(result.buttonText).to.include('Google');",
            "err": {},
            "isRoot": false,
            "uuid": "5bab9f77-adb6-4884-8873-0e48d6038ead",
            "isHook": false,
            "skipped": false
          },
          {
            "title": "put keyword in search box and click search button",
            "fullTitle": "Google search automated testing put keyword in search box and click search button",
            "timedOut": false,
            "duration": 2409,
            "state": "passed",
            "speed": "slow",
            "pass": true,
            "fail": false,
            "pending": false,
            "code": "const result = await page.submitKeywordAndGetResult();\nconsole.log(\"result is...\", result);\nexpect(result.length).to.be.above(10);",
            "err": {},
            "isRoot": false,
            "uuid": "c6cb40c7-6fa6-4e0c-8b14-50c97a3aad55",
            "isHook": false,
            "skipped": false
          }
        ],
        "suites": [],
        "passes": [
          "5bab9f77-adb6-4884-8873-0e48d6038ead",
          "c6cb40c7-6fa6-4e0c-8b14-50c97a3aad55"
        ],
        "failures": [],
        "pending": [],
        "skipped": [],
        "duration": 2459,
        "root": false,
        "rootEmpty": false,
        "_timeout": 50000
      }
    ],
    "passes": [],
    "failures": [],
    "pending": [],
    "skipped": [],
    "duration": 0,
    "root": true,
    "rootEmpty": true,
    "_timeout": 2000
  },
  "copyrightYear": 2019
}