{
  "stats": {
    "suites": 1,
    "tests": 2,
    "passes": 0,
    "pending": 0,
    "failures": 2,
    "start": "2019-10-15T23:57:02.866Z",
    "end": "2019-10-15T23:57:39.443Z",
    "duration": 36577,
    "testsRegistered": 2,
    "passPercent": 0,
    "pendingPercent": 0,
    "other": 0,
    "hasOther": false,
    "skipped": 0,
    "hasSkipped": false,
    "passPercentClass": "danger",
    "pendingPercentClass": "danger"
  },
  "suites": {
    "uuid": "58115aa2-ef8f-4f16-a4e0-a6875cfd52d0",
    "title": "",
    "fullFile": "",
    "file": "",
    "beforeHooks": [],
    "afterHooks": [],
    "tests": [],
    "suites": [
      {
        "uuid": "88978c80-3c70-4e1a-9f2e-62ab93cf849f",
        "title": "Google search automated testing",
        "fullFile": "/Users/tliu/dev/br/toy/Automation-With-Selenium-And-Node.js/test/homePage.test.js",
        "file": "/test/homePage.test.js",
        "beforeHooks": [
          {
            "title": "\"before each\" hook",
            "fullTitle": "Google search automated testing \"before each\" hook",
            "timedOut": false,
            "duration": 3103,
            "pass": false,
            "fail": false,
            "pending": false,
            "code": "page = new Page();\ndriver = page.driver;\nawait page.visit('https://www.google.com/');",
            "err": {},
            "isRoot": false,
            "uuid": "cb59e210-4953-4adc-b61c-bb8f54196b9f",
            "isHook": true,
            "skipped": false
          }
        ],
        "afterHooks": [
          {
            "title": "\"after each\" hook",
            "fullTitle": "Google search automated testing \"after each\" hook",
            "timedOut": false,
            "duration": 52,
            "pass": false,
            "fail": false,
            "pending": false,
            "code": "await page.quit();",
            "err": {},
            "isRoot": false,
            "uuid": "2ebddb08-df7d-4ef9-8bf2-15f2e8d5404e",
            "isHook": true,
            "skipped": false
          }
        ],
        "tests": [
          {
            "title": "find the input box and google search button",
            "fullTitle": "Google search automated testing find the input box and google search button",
            "timedOut": false,
            "duration": 15022,
            "state": "failed",
            "pass": false,
            "fail": true,
            "pending": false,
            "code": "const result = await page.findInputAndButton();\nexpect(result.inputEnabled).to.equal(true);\nexpect(result.buttonText).to.include('Google');",
            "err": {
              "message": "TimeoutError: Looking for element by NAME\nWait timed out after 15002ms",
              "estack": "TimeoutError: Looking for element by NAME\nWait timed out after 15002ms\n    at /Users/tliu/dev/br/toy/Automation-With-Selenium-And-Node.js/node_modules/selenium-webdriver/lib/webdriver.js:834:17\n    at process._tickCallback (internal/process/next_tick.js:68:7)"
            },
            "isRoot": false,
            "uuid": "ec8d9e41-3e92-47b0-b008-081594ef6c44",
            "isHook": false,
            "skipped": false
          },
          {
            "title": "put keyword in search box and click search button",
            "fullTitle": "Google search automated testing put keyword in search box and click search button",
            "timedOut": false,
            "duration": 15021,
            "state": "failed",
            "pass": false,
            "fail": true,
            "pending": false,
            "code": "const result = await page.submitKeywordAndGetResult();\nexpect(result.length).to.be.above(10);",
            "err": {
              "message": "TimeoutError: Looking for element by NAME\nWait timed out after 15004ms",
              "estack": "TimeoutError: Looking for element by NAME\nWait timed out after 15004ms\n    at /Users/tliu/dev/br/toy/Automation-With-Selenium-And-Node.js/node_modules/selenium-webdriver/lib/webdriver.js:834:17\n    at process._tickCallback (internal/process/next_tick.js:68:7)"
            },
            "isRoot": false,
            "uuid": "01488660-4ae5-4015-aac4-6cacdc17d89c",
            "isHook": false,
            "skipped": false
          }
        ],
        "suites": [],
        "passes": [],
        "failures": [
          "ec8d9e41-3e92-47b0-b008-081594ef6c44",
          "01488660-4ae5-4015-aac4-6cacdc17d89c"
        ],
        "pending": [],
        "skipped": [],
        "duration": 30043,
        "root": false,
        "rootEmpty": false,
        "_timeout": 50000
      }
    ],
    "passes": [],
    "failures": [],
    "pending": [],
    "skipped": [],
    "duration": 0,
    "root": true,
    "rootEmpty": true,
    "_timeout": 2000
  },
  "copyrightYear": 2019
}